#
# There is insufficient memory for the Java Runtime Environment to continue.
# Native memory allocation (malloc) failed to allocate 477776 bytes for Chunk::new
# Possible reasons:
#   The system is out of physical RAM or swap space
#   In 32 bit mode, the process size limit was hit
# Possible solutions:
#   Reduce memory load on the system
#   Increase physical memory or swap space
#   Check if swap backing store is full
#   Use 64 bit Java on a 64 bit OS
#   Decrease Java heap size (-Xmx/-Xms)
#   Decrease number of Java threads
#   Decrease Java thread stack sizes (-Xss)
#   Set larger code cache with -XX:ReservedCodeCacheSize=
# This output file may be truncated or incomplete.
#
#  Out of Memory Error (allocation.cpp:390), pid=7316, tid=8716
#
# JRE version: Java(TM) SE Runtime Environment (8.0_51-b16) (build 1.8.0_51-b16)
# Java VM: Java HotSpot(TM) 64-Bit Server VM (25.51-b03 mixed mode windows-amd64 compressed oops)
# Failed to write core dump. Minidumps are not enabled by default on client versions of Windows
#

---------------  T H R E A D  ---------------

Current thread (0x000000001ea17800):  JavaThread "C2 CompilerThread0" daemon [_thread_in_native, id=8716, stack(0x000000001efa0000,0x000000001f0a0000)]

Stack: [0x000000001efa0000,0x000000001f0a0000]
[error occurred during error reporting (printing stack bounds), id 0xc0000005]

Native frames: (J=compiled Java code, j=interpreted, Vv=VM code, C=native code)
V  [jvm.dll+0x32b4ca]
V  [jvm.dll+0x2797e3]
V  [jvm.dll+0x27a479]
V  [jvm.dll+0x293446]
V  [jvm.dll+0x297d3c]
V  [jvm.dll+0x5ca9cf]
C  [msvcr100.dll+0x712e3]
V  [jvm.dll+0x5ca0cd]
C  [ntdll.dll+0x9633d]
C  [ntdll.dll+0x13c00]
C  [ntdll.dll+0x9544a]
V  [jvm.dll+0x21bbc1]


Current CompileTask:
C2:  82336 3606       4       com.android.dx.dex.code.RopTranslator::outputBlock (202 bytes)


---------------  P R O C E S S  ---------------

Java Threads: ( => current thread )
  0x000000001fc64800 JavaThread "pool-2-thread-4" [_thread_blocked, id=5112, stack(0x0000000021170000,0x0000000021270000)]
  0x000000001fbb1000 JavaThread "pool-2-thread-3" [_thread_blocked, id=1200, stack(0x0000000021070000,0x0000000021170000)]
  0x000000001ec96800 JavaThread "pool-2-thread-2" [_thread_blocked, id=11808, stack(0x0000000020f70000,0x0000000021070000)]
  0x000000001fd2a000 JavaThread "pool-3-thread-1" [_thread_blocked, id=5912, stack(0x0000000020e70000,0x0000000020f70000)]
  0x000000001f5d2800 JavaThread "pool-2-thread-1" [_thread_blocked, id=14228, stack(0x0000000020d70000,0x0000000020e70000)]
  0x000000001ea43800 JavaThread "Service Thread" daemon [_thread_blocked, id=10508, stack(0x000000001f3a0000,0x000000001f4a0000)]
  0x000000001ea22000 JavaThread "C1 CompilerThread3" daemon [_thread_blocked, id=13144, stack(0x000000001f2a0000,0x000000001f3a0000)]
  0x000000001ea1f000 JavaThread "C2 CompilerThread2" daemon [_thread_in_native, id=668, stack(0x000000001f1a0000,0x000000001f2a0000)]
  0x000000001ea1d800 JavaThread "C2 CompilerThread1" daemon [_thread_in_native, id=13748, stack(0x000000001f0a0000,0x000000001f1a0000)]
=>0x000000001ea17800 JavaThread "C2 CompilerThread0" daemon [_thread_in_native, id=8716, stack(0x000000001efa0000,0x000000001f0a0000)]
  0x000000001ea13800 JavaThread "Attach Listener" daemon [_thread_blocked, id=10564, stack(0x000000001eea0000,0x000000001efa0000)]
  0x000000001ea12800 JavaThread "Signal Dispatcher" daemon [_thread_blocked, id=11360, stack(0x000000001eda0000,0x000000001eea0000)]
  0x0000000002e5b000 JavaThread "Finalizer" daemon [_thread_blocked, id=9424, stack(0x000000001e8a0000,0x000000001e9a0000)]
  0x0000000002e54000 JavaThread "Reference Handler" daemon [_thread_blocked, id=1712, stack(0x000000001e7a0000,0x000000001e8a0000)]
  0x000000000143e000 JavaThread "main" [_thread_in_native, id=8624, stack(0x0000000002c10000,0x0000000002d10000)]

Other Threads:
  0x000000001c9c9800 VMThread [stack: 0x000000001e6a0000,0x000000001e7a0000] [id=12040]
  0x000000001eac2000 WatcherThread [stack: 0x000000001f4a0000,0x000000001f5a0000] [id=10884]

VM state:not at safepoint (normal execution)

VM Mutex/Monitor currently owned by a thread: None

Heap:
 PSYoungGen      total 710656K, used 415287K [0x000000076ab00000, 0x00000007ae800000, 0x00000007c0000000)
  eden space 381952K, 54% used [0x000000076ab00000,0x00000007775bc5c0,0x0000000782000000)
  from space 328704K, 63% used [0x0000000782000000,0x000000078ead1700,0x0000000796100000)
  to   space 343552K, 0% used [0x0000000799880000,0x0000000799880000,0x00000007ae800000)
 ParOldGen       total 813568K, used 555199K [0x00000006c0000000, 0x00000006f1a80000, 0x000000076ab00000)
  object space 813568K, 68% used [0x00000006c0000000,0x00000006e1e2fda8,0x00000006f1a80000)
 Metaspace       used 6877K, capacity 7320K, committed 7680K, reserved 1056768K
  class space    used 645K, capacity 656K, committed 768K, reserved 1048576K

Card table byte_map: [0x0000000012220000,0x0000000012a30000] byte_map_base: 0x000000000ec20000

Marking Bits: (ParMarkBitMap*) 0x0000000076704040
 Begin Bits: [0x0000000013790000, 0x0000000017790000)
 End Bits:   [0x0000000017790000, 0x000000001b790000)

Polling page: 0x0000000001420000

CodeCache: size=245760Kb used=11527Kb max_used=15681Kb free=234232Kb
 bounds [0x0000000002e60000, 0x0000000003de0000, 0x0000000011e60000]
 total_blobs=2638 nmethods=2357 adapters=193
 compilation: enabled

Compilation events (10 events):
Event: 74.408 Thread 0x000000001ea1d800 nmethod 3586 0x00000000034cb990 code [0x00000000034cbd60, 0x00000000034d0e30]
Event: 74.434 Thread 0x000000001ea22000 3602       3       com.android.dx.rop.code.FillArrayDataInsn::withNewRegisters (25 bytes)
Event: 74.434 Thread 0x000000001ea22000 nmethod 3602 0x00000000032c5b50 code [0x00000000032c5cc0, 0x00000000032c5fe8]
Event: 74.458 Thread 0x000000001ea22000 3603       3       java.util.DualPivotQuicksort::sort (614 bytes)
Event: 74.460 Thread 0x000000001ea22000 nmethod 3603 0x0000000003cf4cd0 code [0x0000000003cf4f80, 0x0000000003cf63b8]
Event: 78.675 Thread 0x000000001ea22000 3604       3       com.android.dx.dex.code.RopTranslator::outputBlock (202 bytes)
Event: 78.678 Thread 0x000000001ea22000 nmethod 3604 0x00000000036e7150 code [0x00000000036e7520, 0x00000000036e9f88]
Event: 78.680 Thread 0x000000001ea22000 3605       3       com.android.dx.dex.code.RopTranslator::outputInstructions (69 bytes)
Event: 78.680 Thread 0x000000001ea22000 nmethod 3605 0x0000000003617f90 code [0x0000000003618120, 0x0000000003618578]
Event: 80.139 Thread 0x000000001ea17800 3606       4       com.android.dx.dex.code.RopTranslator::outputBlock (202 bytes)

GC Heap History (10 events):
Event: 71.696 GC heap before
{Heap before GC invocations=26 (full 4):
 PSYoungGen      total 586752K, used 563208K [0x000000076ab00000, 0x000000079e880000, 0x00000007c0000000)
  eden space 399872K, 100% used [0x000000076ab00000,0x0000000783180000,0x0000000783180000)
  from space 186880K, 87% used [0x0000000783180000,0x000000078d102190,0x000000078e800000)
  to   space 209408K, 0% used [0x0000000791c00000,0x0000000791c00000,0x000000079e880000)
 ParOldGen       total 551936K, used 432615K [0x00000006c0000000, 0x00000006e1b00000, 0x000000076ab00000)
  object space 551936K, 78% used [0x00000006c0000000,0x00000006da679c08,0x00000006e1b00000)
 Metaspace       used 6875K, capacity 7320K, committed 7680K, reserved 1056768K
  class space    used 645K, capacity 656K, committed 768K, reserved 1048576K
Event: 71.824 GC heap after
Heap after GC invocations=26 (full 4):
 PSYoungGen      total 610304K, used 195666K [0x000000076ab00000, 0x00000007a2180000, 0x00000007c0000000)
  eden space 400896K, 0% used [0x000000076ab00000,0x000000076ab00000,0x0000000783280000)
  from space 209408K, 93% used [0x0000000791c00000,0x000000079db148c8,0x000000079e880000)
  to   space 239104K, 0% used [0x0000000783280000,0x0000000783280000,0x0000000791c00000)
 ParOldGen       total 551936K, used 432615K [0x00000006c0000000, 0x00000006e1b00000, 0x000000076ab00000)
  object space 551936K, 78% used [0x00000006c0000000,0x00000006da679c08,0x00000006e1b00000)
 Metaspace       used 6875K, capacity 7320K, committed 7680K, reserved 1056768K
  class space    used 645K, capacity 656K, committed 768K, reserved 1048576K
}
Event: 72.971 GC heap before
{Heap before GC invocations=27 (full 4):
 PSYoungGen      total 610304K, used 596562K [0x000000076ab00000, 0x00000007a2180000, 0x00000007c0000000)
  eden space 400896K, 100% used [0x000000076ab00000,0x0000000783280000,0x0000000783280000)
  from space 209408K, 93% used [0x0000000791c00000,0x000000079db148c8,0x000000079e880000)
  to   space 239104K, 0% used [0x0000000783280000,0x0000000783280000,0x0000000791c00000)
 ParOldGen       total 551936K, used 432615K [0x00000006c0000000, 0x00000006e1b00000, 0x000000076ab00000)
  object space 551936K, 78% used [0x00000006c0000000,0x00000006da679c08,0x00000006e1b00000)
 Metaspace       used 6876K, capacity 7320K, committed 7680K, reserved 1056768K
  class space    used 645K, capacity 656K, committed 768K, reserved 1048576K
Event: 73.105 GC heap after
Heap after GC invocations=27 (full 4):
 PSYoungGen      total 640000K, used 231546K [0x000000076ab00000, 0x00000007a6e80000, 0x00000007c0000000)
  eden space 400896K, 0% used [0x000000076ab00000,0x000000076ab00000,0x0000000783280000)
  from space 239104K, 96% used [0x0000000783280000,0x000000079149ea60,0x0000000791c00000)
  to   space 275968K, 0% used [0x0000000796100000,0x0000000796100000,0x00000007a6e80000)
 ParOldGen       total 551936K, used 432615K [0x00000006c0000000, 0x00000006e1b00000, 0x000000076ab00000)
  object space 551936K, 78% used [0x00000006c0000000,0x00000006da679c08,0x00000006e1b00000)
 Metaspace       used 6876K, capacity 7320K, committed 7680K, reserved 1056768K
  class space    used 645K, capacity 656K, committed 768K, reserved 1048576K
}
Event: 73.859 GC heap before
{Heap before GC invocations=28 (full 4):
 PSYoungGen      total 640000K, used 632442K [0x000000076ab00000, 0x00000007a6e80000, 0x00000007c0000000)
  eden space 400896K, 100% used [0x000000076ab00000,0x0000000783280000,0x0000000783280000)
  from space 239104K, 96% used [0x0000000783280000,0x000000079149ea60,0x0000000791c00000)
  to   space 275968K, 0% used [0x0000000796100000,0x0000000796100000,0x00000007a6e80000)
 ParOldGen       total 551936K, used 432615K [0x00000006c0000000, 0x00000006e1b00000, 0x000000076ab00000)
  object space 551936K, 78% used [0x00000006c0000000,0x00000006da679c08,0x00000006e1b00000)
 Metaspace       used 6877K, capacity 7320K, committed 7680K, reserved 1056768K
  class space    used 645K, capacity 656K, committed 768K, reserved 1048576K
Event: 74.029 GC heap after
Heap after GC invocations=28 (full 4):
 PSYoungGen      total 657920K, used 275947K [0x000000076ab00000, 0x00000007adf00000, 0x00000007c0000000)
  eden space 381952K, 0% used [0x000000076ab00000,0x000000076ab00000,0x0000000782000000)
  from space 275968K, 99% used [0x0000000796100000,0x00000007a6e7af18,0x00000007a6e80000)
  to   space 328704K, 0% used [0x0000000782000000,0x0000000782000000,0x0000000796100000)
 ParOldGen       total 551936K, used 450673K [0x00000006c0000000, 0x00000006e1b00000, 0x000000076ab00000)
  object space 551936K, 81% used [0x00000006c0000000,0x00000006db81c798,0x00000006e1b00000)
 Metaspace       used 6877K, capacity 7320K, committed 7680K, reserved 1056768K
  class space    used 645K, capacity 656K, committed 768K, reserved 1048576K
}
Event: 74.461 GC heap before
{Heap before GC invocations=29 (full 4):
 PSYoungGen      total 657920K, used 657899K [0x000000076ab00000, 0x00000007adf00000, 0x00000007c0000000)
  eden space 381952K, 100% used [0x000000076ab00000,0x0000000782000000,0x0000000782000000)
  from space 275968K, 99% used [0x0000000796100000,0x00000007a6e7af18,0x00000007a6e80000)
  to   space 328704K, 0% used [0x0000000782000000,0x0000000782000000,0x0000000796100000)
 ParOldGen       total 551936K, used 450673K [0x00000006c0000000, 0x00000006e1b00000, 0x000000076ab00000)
  object space 551936K, 81% used [0x00000006c0000000,0x00000006db81c798,0x00000006e1b00000)
 Metaspace       used 6877K, capacity 7320K, committed 7680K, reserved 1056768K
  class space    used 645K, capacity 656K, committed 768K, reserved 1048576K
Event: 74.672 GC heap after
Heap after GC invocations=29 (full 4):
 PSYoungGen      total 710656K, used 219782K [0x000000076ab00000, 0x00000007ae800000, 0x00000007c0000000)
  eden space 381952K, 0% used [0x000000076ab00000,0x000000076ab00000,0x0000000782000000)
  from space 328704K, 66% used [0x0000000782000000,0x000000078f6a19c8,0x0000000796100000)
  to   space 343552K, 0% used [0x0000000799880000,0x0000000799880000,0x00000007ae800000)
 ParOldGen       total 555520K, used 555393K [0x00000006c0000000, 0x00000006e1e80000, 0x000000076ab00000)
  object space 555520K, 99% used [0x00000006c0000000,0x00000006e1e60698,0x00000006e1e80000)
 Metaspace       used 6877K, capacity 7320K, committed 7680K, reserved 1056768K
  class space    used 645K, capacity 656K, committed 768K, reserved 1048576K
}
Event: 74.672 GC heap before
{Heap before GC invocations=30 (full 5):
 PSYoungGen      total 710656K, used 219782K [0x000000076ab00000, 0x00000007ae800000, 0x00000007c0000000)
  eden space 381952K, 0% used [0x000000076ab00000,0x000000076ab00000,0x0000000782000000)
  from space 328704K, 66% used [0x0000000782000000,0x000000078f6a19c8,0x0000000796100000)
  to   space 343552K, 0% used [0x0000000799880000,0x0000000799880000,0x00000007ae800000)
 ParOldGen       total 555520K, used 555393K [0x00000006c0000000, 0x00000006e1e80000, 0x000000076ab00000)
  object space 555520K, 99% used [0x00000006c0000000,0x00000006e1e60698,0x00000006e1e80000)
 Metaspace       used 6877K, capacity 7320K, committed 7680K, reserved 1056768K
  class space    used 645K, capacity 656K, committed 768K, reserved 1048576K
Event: 78.624 GC heap after
Heap after GC invocations=30 (full 5):
 PSYoungGen      total 710656K, used 207685K [0x000000076ab00000, 0x00000007ae800000, 0x00000007c0000000)
  eden space 381952K, 0% used [0x000000076ab00000,0x000000076ab00000,0x0000000782000000)
  from space 328704K, 63% used [0x0000000782000000,0x000000078ead1700,0x0000000796100000)
  to   space 343552K, 0% used [0x0000000799880000,0x0000000799880000,0x00000007ae800000)
 ParOldGen       total 813568K, used 555199K [0x00000006c0000000, 0x00000006f1a80000, 0x000000076ab00000)
  object space 813568K, 68% used [0x00000006c0000000,0x00000006e1e2fda8,0x00000006f1a80000)
 Metaspace       used 6877K, capacity 7320K, committed 7680K, reserved 1056768K
  class space    used 645K, capacity 656K, committed 768K, reserved 1048576K
}

Deoptimization events (10 events):
Event: 72.890 Thread 0x000000001fbb1000 Uncommon trap: reason=bimorphic action=maybe_recompile pc=0x000000000380ea3c method=com.android.dx.cf.code.BytecodeArray.parseInstruction(ILcom/android/dx/cf/code/BytecodeArray$Visitor;)I @ 2554
Event: 72.890 Thread 0x000000001fbb1000 Uncommon trap: reason=bimorphic action=maybe_recompile pc=0x000000000380ea3c method=com.android.dx.cf.code.BytecodeArray.parseInstruction(ILcom/android/dx/cf/code/BytecodeArray$Visitor;)I @ 2554
Event: 72.922 Thread 0x000000001f5d2800 Uncommon trap: reason=bimorphic action=maybe_recompile pc=0x0000000003a34ab0 method=com.android.dx.cf.code.OneLocalsArray.set(ILcom/android/dx/rop/type/TypeBearer;)V @ 85
Event: 72.923 Thread 0x000000001fc64800 Uncommon trap: reason=unstable_if action=reinterpret pc=0x000000000304b460 method=com.android.dx.rop.code.Insn.contentEquals(Lcom/android/dx/rop/code/Insn;)Z @ 47
Event: 73.601 Thread 0x000000001fbb1000 Uncommon trap: reason=speculate_class_check action=maybe_recompile pc=0x00000000032c7e1c method=java.util.HashMap.comparableClassFor(Ljava/lang/Object;)Ljava/lang/Class; @ 15
Event: 73.601 Thread 0x000000001fbb1000 Uncommon trap: reason=speculate_class_check action=maybe_recompile pc=0x0000000003317f40 method=java.util.HashMap.comparableClassFor(Ljava/lang/Object;)Ljava/lang/Class; @ 15
Event: 73.601 Thread 0x000000001fbb1000 Uncommon trap: reason=speculate_class_check action=maybe_recompile pc=0x0000000003317f40 method=java.util.HashMap.comparableClassFor(Ljava/lang/Object;)Ljava/lang/Class; @ 15
Event: 73.601 Thread 0x000000001fbb1000 Uncommon trap: reason=speculate_class_check action=maybe_recompile pc=0x0000000003317f40 method=java.util.HashMap.comparableClassFor(Ljava/lang/Object;)Ljava/lang/Class; @ 15
Event: 73.699 Thread 0x000000001ec96800 Uncommon trap: reason=speculate_class_check action=maybe_recompile pc=0x00000000032c7e1c method=java.util.HashMap.comparableClassFor(Ljava/lang/Object;)Ljava/lang/Class; @ 15
Event: 78.675 Thread 0x000000000143e000 Uncommon trap: reason=unstable_if action=reinterpret pc=0x0000000003c8966c method=com.android.dx.dex.code.OutputFinisher.hasLocalInfo(Lcom/android/dx/dex/code/DalvInsn;)Z @ 35

Internal exceptions (10 events):
Event: 0.976 Thread 0x000000001f5d2800 Implicit null exception at 0x000000000327428a to 0x0000000003275731
Event: 5.497 Thread 0x000000001ec96800 Implicit null exception at 0x0000000003894039 to 0x0000000003894eed
Event: 5.942 Thread 0x000000000143e000 Implicit null exception at 0x000000000300cc54 to 0x000000000300dded
Event: 7.625 Thread 0x000000001fc64800 Implicit null exception at 0x000000000326a545 to 0x000000000326a93d
Event: 10.336 Thread 0x000000001fbb1000 Implicit null exception at 0x0000000003c6a1b8 to 0x0000000003c6c06d
Event: 56.915 Thread 0x000000001f5d2800 Implicit null exception at 0x0000000003ce4786 to 0x0000000003ce6ed0
Event: 56.917 Thread 0x000000001f5d2800 Implicit null exception at 0x0000000003cbfba8 to 0x0000000003cc1c2a
Event: 71.635 Thread 0x000000001fbb1000 Implicit null exception at 0x00000000035c0416 to 0x00000000035c45cd
Event: 71.640 Thread 0x000000001fbb1000 Implicit null exception at 0x00000000034fc69b to 0x0000000003500a29
Event: 78.675 Thread 0x000000000143e000 Implicit null exception at 0x0000000003c8827c to 0x0000000003c89631

Events (10 events):
Event: 74.341 Thread 0x000000001ea1f000 flushing nmethod 0x0000000003787110
Event: 74.341 Thread 0x000000001ea1f000 flushing nmethod 0x000000000379c710
Event: 74.390 Thread 0x000000001ea1f000 flushing nmethod 0x0000000003af06d0
Event: 74.408 Thread 0x000000001ea1d800 flushing nmethod 0x0000000003d4a3d0
Event: 74.408 Thread 0x000000001ea1d800 flushing nmethod 0x0000000003d82b50
Event: 74.461 Executing VM operation: ParallelGCFailedAllocation
Event: 78.625 Executing VM operation: ParallelGCFailedAllocation done
Event: 78.675 Thread 0x000000000143e000 Uncommon trap: trap_request=0xffffff65 fr.pc=0x0000000003c8966c
Event: 78.675 Thread 0x000000000143e000 DEOPT PACKING pc=0x0000000003c8966c sp=0x0000000002d0e6c0
Event: 78.675 Thread 0x000000000143e000 DEOPT UNPACKING pc=0x0000000002ea582a sp=0x0000000002d0e4c8 mode 2


Dynamic libraries:
0x00007ff74b300000 - 0x00007ff74b337000 	C:\Program Files\Java\jdk1.8.0_51\bin\java.exe
0x00007ffc87300000 - 0x00007ffc874c1000 	C:\Windows\SYSTEM32\ntdll.dll
0x00007ffc84ba0000 - 0x00007ffc84c4d000 	C:\Windows\system32\KERNEL32.DLL
0x00007ffc847f0000 - 0x00007ffc849cd000 	C:\Windows\system32\KERNELBASE.dll
0x00007ffc85520000 - 0x00007ffc855c6000 	C:\Windows\system32\ADVAPI32.dll
0x00007ffc84e00000 - 0x00007ffc84e9d000 	C:\Windows\system32\msvcrt.dll
0x00007ffc86e80000 - 0x00007ffc86edb000 	C:\Windows\system32\sechost.dll
0x00007ffc84ea0000 - 0x00007ffc84fc6000 	C:\Windows\system32\RPCRT4.dll
0x00007ffc85130000 - 0x00007ffc8527e000 	C:\Windows\system32\USER32.dll
0x00007ffc84c70000 - 0x00007ffc84df6000 	C:\Windows\system32\GDI32.dll
0x00007ffc7ff50000 - 0x00007ffc801c4000 	C:\Windows\WinSxS\amd64_microsoft.windows.common-controls_6595b64144ccf1df_6.0.10240.16384_none_f41f7b285750ef43\COMCTL32.dll
0x00007ffc86b00000 - 0x00007ffc86b36000 	C:\Windows\system32\IMM32.DLL
0x00007ffc84fd0000 - 0x00007ffc8512c000 	C:\Windows\system32\MSCTF.dll
0x0000000076790000 - 0x0000000076862000 	C:\Program Files\Java\jdk1.8.0_51\jre\bin\msvcr100.dll
0x0000000075f00000 - 0x0000000076783000 	C:\Program Files\Java\jdk1.8.0_51\jre\bin\server\jvm.dll
0x00007ffc84c50000 - 0x00007ffc84c58000 	C:\Windows\system32\PSAPI.DLL
0x00007ffc78c60000 - 0x00007ffc78c69000 	C:\Windows\SYSTEM32\WSOCK32.dll
0x00007ffc81a50000 - 0x00007ffc81a73000 	C:\Windows\SYSTEM32\WINMM.dll
0x00007ffc80760000 - 0x00007ffc8076a000 	C:\Windows\SYSTEM32\VERSION.dll
0x00007ffc85430000 - 0x00007ffc85499000 	C:\Windows\system32\WS2_32.dll
0x00007ffc871a0000 - 0x00007ffc871a8000 	C:\Windows\system32\NSI.dll
0x00007ffc819c0000 - 0x00007ffc819ec000 	C:\Windows\SYSTEM32\WINMMBASE.dll
0x00007ffc83dd0000 - 0x00007ffc83e14000 	C:\Windows\system32\cfgmgr32.dll
0x00007ffc83ad0000 - 0x00007ffc83af7000 	C:\Windows\SYSTEM32\DEVOBJ.dll
0x0000000075ef0000 - 0x0000000075eff000 	C:\Program Files\Java\jdk1.8.0_51\jre\bin\verify.dll
0x0000000075ec0000 - 0x0000000075ee9000 	C:\Program Files\Java\jdk1.8.0_51\jre\bin\java.dll
0x0000000075ea0000 - 0x0000000075eb6000 	C:\Program Files\Java\jdk1.8.0_51\jre\bin\zip.dll
0x00007ffc855d0000 - 0x00007ffc86af2000 	C:\Windows\system32\SHELL32.dll
0x00007ffc840a0000 - 0x00007ffc846c8000 	C:\Windows\system32\windows.storage.dll
0x00007ffc86c00000 - 0x00007ffc86e7c000 	C:\Windows\system32\combase.dll
0x00007ffc854c0000 - 0x00007ffc85511000 	C:\Windows\system32\shlwapi.dll
0x00007ffc83dc0000 - 0x00007ffc83dcf000 	C:\Windows\system32\kernel.appcore.dll
0x00007ffc846d0000 - 0x00007ffc84783000 	C:\Windows\system32\shcore.dll
0x00007ffc83d70000 - 0x00007ffc83dba000 	C:\Windows\system32\powrprof.dll
0x00007ffc83d50000 - 0x00007ffc83d63000 	C:\Windows\system32\profapi.dll
0x00007ffc64df0000 - 0x00007ffc64f7a000 	C:\Windows\SYSTEM32\dbghelp.dll

VM Arguments:
jvm_args: -Djava.awt.headless=true -Xmx4g -Dfile.encoding=windows-1256 -Duser.country=US -Duser.language=en -Duser.variant 
java_command: com.android.dx.command.Main --dex --force-jumbo --num-threads=4 --multi-dex --main-dex-list D:\F my project\F java\F membergram\TMessagesProj\build\intermediates\multi-dex\debug\maindexlist.txt --output D:\F my project\F java\F membergram\TMessagesProj\build\intermediates\transforms\dex\debug\folders\1000\1f\main D:\F my project\F java\F membergram\TMessagesProj\build\intermediates\transforms\jarMerging\debug\jars\1\1f\combined.jar
java_class_path (initial): D:\Software\programming\sdk\sdk\sdk\build-tools\23.0.1\lib\dx.jar
Launcher Type: SUN_STANDARD

Environment Variables:
JAVA_HOME=C:\Program Files\Java\jdk1.7.0_40
PATH=C:\ProgramData\Oracle\Java\javapath;C:\Windows\system32;C:\Windows;C:\Windows\System32\Wbem;C:\Windows\System32\WindowsPowerShell\v1.0\;C:\Program Files (x86)\Git\cmd;C:\Program Files (x86)\Skype\Phone\;GRADLE_HOME;C:\Program Files\AMI\DuOS\;C:\Program Files\Java\jdk1.7.0_40\bin;C:\Users\hot_road\.dnx\bin;C:\Program Files\Microsoft DNX\Dnvm\;C:\Program Files\Microsoft SQL Server\120\Tools\Binn\;C:\Program Files (x86)\NVIDIA Corporation\PhysX\Common;C:\Program Files (x86)\Microsoft SQL Server\100\Tools\Binn\;C:\Program Files\Microsoft SQL Server\100\Tools\Binn\;C:\Program Files\Microsoft SQL Server\100\DTS\Binn\;C:\Program Files (x86)\Microsoft SQL Server\100\Tools\Binn\VSShell\Common7\IDE\;C:\Program Files (x86)\Microsoft SQL Server\100\DTS\Binn\;C:\Program Files\nodejs\;C:\Users\hot_road\.dnx\bin;C:\Program Files (x86)\Manymo/bin;C:\Program Files\AMI\DuOS\;C:\Program Files\Java\jdk1.7.0_40\bin;C:\Users\hot_road\AppData\Roaming\npm
USERNAME=hot_road
OS=Windows_NT
PROCESSOR_IDENTIFIER=Intel64 Family 6 Model 58 Stepping 9, GenuineIntel



---------------  S Y S T E M  ---------------

OS: Windows 10.0 , 64 bit Build 10240 (10.0.10240.16384)

CPU:total 8 (4 cores per cpu, 2 threads per core) family 6 model 58 stepping 9, cmov, cx8, fxsr, mmx, sse, sse2, sse3, ssse3, sse4.1, sse4.2, popcnt, avx, aes, clmul, erms, ht, tsc, tscinvbit, tscinv

Memory: 4k page, physical 6149732k(99108k free), swap 12287104k(20k free)

vm_info: Java HotSpot(TM) 64-Bit Server VM (25.51-b03) for windows-amd64 JRE (1.8.0_51-b16), built on Jun  8 2015 18:03:07 by "java_re" with MS VC++ 10.0 (VS2010)

time: Tue Aug 16 12:51:14 2016
elapsed time: 84 seconds (0d 0h 1m 24s)

