#
# There is insufficient memory for the Java Runtime Environment to continue.
# Native memory allocation (malloc) failed to allocate 1337136 bytes for Chunk::new
# Possible reasons:
#   The system is out of physical RAM or swap space
#   In 32 bit mode, the process size limit was hit
# Possible solutions:
#   Reduce memory load on the system
#   Increase physical memory or swap space
#   Check if swap backing store is full
#   Use 64 bit Java on a 64 bit OS
#   Decrease Java heap size (-Xmx/-Xms)
#   Decrease number of Java threads
#   Decrease Java thread stack sizes (-Xss)
#   Set larger code cache with -XX:ReservedCodeCacheSize=
# This output file may be truncated or incomplete.
#
#  Out of Memory Error (allocation.cpp:390), pid=12424, tid=5712
#
# JRE version: Java(TM) SE Runtime Environment (8.0_51-b16) (build 1.8.0_51-b16)
# Java VM: Java HotSpot(TM) 64-Bit Server VM (25.51-b03 mixed mode windows-amd64 compressed oops)
# Failed to write core dump. Minidumps are not enabled by default on client versions of Windows
#

---------------  T H R E A D  ---------------

Current thread (0x000000001e208000):  JavaThread "C2 CompilerThread2" daemon [_thread_in_native, id=5712, stack(0x000000001e980000,0x000000001ea80000)]

Stack: [0x000000001e980000,0x000000001ea80000]
Native frames: (J=compiled Java code, j=interpreted, Vv=VM code, C=native code)
V  [jvm.dll+0x32b4ca]
V  [jvm.dll+0x2797e3]
V  [jvm.dll+0x27a479]
V  [jvm.dll+0x271765]
V  [jvm.dll+0xcba02]
V  [jvm.dll+0xcbecc]
V  [jvm.dll+0x492a7c]
V  [jvm.dll+0x45f7bf]
V  [jvm.dll+0x46a7cb]
V  [jvm.dll+0x46cde2]
V  [jvm.dll+0x4501a2]
V  [jvm.dll+0xa43a2]
V  [jvm.dll+0xa4cdf]
V  [jvm.dll+0x2418a4]
V  [jvm.dll+0x29846a]
C  [msvcr100.dll+0x21d9f]
C  [msvcr100.dll+0x21e3b]
C  [KERNEL32.DLL+0x12d92]
C  [ntdll.dll+0x9f64]


Current CompileTask:
C2:  39040 3675       4       com.android.dx.ssa.back.FirstFitLocalCombiningAllocator::findRangeAndAdjust (311 bytes)


---------------  P R O C E S S  ---------------

Java Threads: ( => current thread )
  0x000000001f031000 JavaThread "pool-2-thread-4" [_thread_blocked, id=12044, stack(0x0000000020950000,0x0000000020a50000)]
  0x000000001f109000 JavaThread "pool-2-thread-3" [_thread_blocked, id=4172, stack(0x0000000020850000,0x0000000020950000)]
  0x000000001f7eb800 JavaThread "pool-2-thread-2" [_thread_blocked, id=10492, stack(0x0000000020750000,0x0000000020850000)]
  0x000000001f5cf000 JavaThread "pool-3-thread-1" [_thread_blocked, id=9612, stack(0x0000000020650000,0x0000000020750000)]
  0x000000001f46d800 JavaThread "pool-2-thread-1" [_thread_blocked, id=8584, stack(0x0000000020550000,0x0000000020650000)]
  0x000000001e2a1800 JavaThread "Service Thread" daemon [_thread_blocked, id=3336, stack(0x000000001eb80000,0x000000001ec80000)]
  0x000000001e20b000 JavaThread "C1 CompilerThread3" daemon [_thread_blocked, id=12488, stack(0x000000001ea80000,0x000000001eb80000)]
=>0x000000001e208000 JavaThread "C2 CompilerThread2" daemon [_thread_in_native, id=5712, stack(0x000000001e980000,0x000000001ea80000)]
  0x000000001e1fa000 JavaThread "C2 CompilerThread1" daemon [_thread_blocked, id=7328, stack(0x000000001e880000,0x000000001e980000)]
  0x000000001e1f8000 JavaThread "C2 CompilerThread0" daemon [_thread_blocked, id=6640, stack(0x000000001e780000,0x000000001e880000)]
  0x000000001e1f4800 JavaThread "Attach Listener" daemon [_thread_blocked, id=7540, stack(0x000000001e680000,0x000000001e780000)]
  0x000000001e1f3800 JavaThread "Signal Dispatcher" daemon [_thread_blocked, id=15140, stack(0x000000001e580000,0x000000001e680000)]
  0x000000001c1bd000 JavaThread "Finalizer" daemon [_thread_blocked, id=12396, stack(0x000000001e080000,0x000000001e180000)]
  0x0000000002697800 JavaThread "Reference Handler" daemon [_thread_blocked, id=10600, stack(0x000000001df80000,0x000000001e080000)]
  0x000000000259e000 JavaThread "main" [_thread_in_native, id=7992, stack(0x0000000002450000,0x0000000002550000)]

Other Threads:
  0x000000001c1b9000 VMThread [stack: 0x000000001de80000,0x000000001df80000] [id=11736]
  0x000000001e2ac000 WatcherThread [stack: 0x000000001ec80000,0x000000001ed80000] [id=5600]

VM state:not at safepoint (normal execution)

VM Mutex/Monitor currently owned by a thread: None

Heap:
 PSYoungGen      total 673792K, used 382449K [0x000000076ab00000, 0x00000007a3100000, 0x00000007c0000000)
  eden space 493568K, 50% used [0x000000076ab00000,0x0000000779edf5b0,0x0000000788d00000)
  from space 180224K, 73% used [0x0000000788d00000,0x0000000790e9d168,0x0000000793d00000)
  to   space 190976K, 0% used [0x0000000797680000,0x0000000797680000,0x00000007a3100000)
 ParOldGen       total 841728K, used 573955K [0x00000006c0000000, 0x00000006f3600000, 0x000000076ab00000)
  object space 841728K, 68% used [0x00000006c0000000,0x00000006e3080d80,0x00000006f3600000)
 Metaspace       used 6898K, capacity 7384K, committed 7680K, reserved 1056768K
  class space    used 645K, capacity 656K, committed 768K, reserved 1048576K

Card table byte_map: [0x0000000011a60000,0x0000000012270000] byte_map_base: 0x000000000e460000

Marking Bits: (ParMarkBitMap*) 0x00000000540a4040
 Begin Bits: [0x0000000012fd0000, 0x0000000016fd0000)
 End Bits:   [0x0000000016fd0000, 0x000000001afd0000)

Polling page: 0x0000000000bd0000

CodeCache: size=245760Kb used=13648Kb max_used=14870Kb free=232111Kb
 bounds [0x00000000026a0000, 0x0000000003560000, 0x00000000116a0000]
 total_blobs=2884 nmethods=2603 adapters=193
 compilation: enabled

Compilation events (10 events):
Event: 36.626 Thread 0x000000001e20b000 nmethod 3674 0x0000000002ae58d0 code [0x0000000002ae5a80, 0x0000000002ae5ed8]
Event: 36.629 Thread 0x000000001e208000 3675       4       com.android.dx.ssa.back.FirstFitLocalCombiningAllocator::findRangeAndAdjust (311 bytes)
Event: 36.634 Thread 0x000000001e1f8000 3676       4       java.util.HashMap$TreeNode::treeify (221 bytes)
Event: 36.638 Thread 0x000000001e1fa000 3677       4       com.android.dx.ssa.back.SsaToRop::convert (99 bytes)
Event: 36.671 Thread 0x000000001e1fa000 nmethod 3677 0x0000000002c01c90 code [0x0000000002c01ec0, 0x0000000002c02960]
Event: 36.675 Thread 0x000000001e1fa000 3678       4       com.android.dx.rop.cst.StdConstantPool::get0Ok (12 bytes)
Event: 36.676 Thread 0x000000001e1fa000 nmethod 3678 0x000000000327c2d0 code [0x000000000327c400, 0x000000000327c4b8]
Event: 36.688 Thread 0x000000001e20b000 3679       3       com.android.dx.rop.cst.CstLiteral32::compareTo0 (30 bytes)
Event: 36.688 Thread 0x000000001e20b000 nmethod 3679 0x0000000002e52690 code [0x0000000002e52800, 0x0000000002e52af0]
Event: 36.698 Thread 0x000000001e1f8000 nmethod 3676 0x0000000002c20e10 code [0x0000000002c21040, 0x0000000002c22b40]

GC Heap History (10 events):
Event: 27.112 GC heap before
{Heap before GC invocations=24 (full 4):
 PSYoungGen      total 535040K, used 535015K [0x000000076ab00000, 0x0000000798180000, 0x00000007c0000000)
  eden space 421888K, 100% used [0x000000076ab00000,0x0000000784700000,0x0000000784700000)
  from space 113152K, 99% used [0x0000000784700000,0x000000078b579e90,0x000000078b580000)
  to   space 143360K, 0% used [0x000000078f580000,0x000000078f580000,0x0000000798180000)
 ParOldGen       total 542208K, used 382293K [0x00000006c0000000, 0x00000006e1180000, 0x000000076ab00000)
  object space 542208K, 70% used [0x00000006c0000000,0x00000006d7555718,0x00000006e1180000)
 Metaspace       used 6895K, capacity 7384K, committed 7680K, reserved 1056768K
  class space    used 645K, capacity 656K, committed 768K, reserved 1048576K
Event: 27.265 GC heap after
Heap after GC invocations=24 (full 4):
 PSYoungGen      total 583680K, used 125802K [0x000000076ab00000, 0x000000079b780000, 0x00000007c0000000)
  eden space 440320K, 0% used [0x000000076ab00000,0x000000076ab00000,0x0000000785900000)
  from space 143360K, 87% used [0x000000078f580000,0x000000079705ab08,0x0000000798180000)
  to   space 160256K, 0% used [0x0000000785900000,0x0000000785900000,0x000000078f580000)
 ParOldGen       total 542208K, used 439371K [0x00000006c0000000, 0x00000006e1180000, 0x000000076ab00000)
  object space 542208K, 81% used [0x00000006c0000000,0x00000006dad12d38,0x00000006e1180000)
 Metaspace       used 6895K, capacity 7384K, committed 7680K, reserved 1056768K
  class space    used 645K, capacity 656K, committed 768K, reserved 1048576K
}
Event: 29.637 GC heap before
{Heap before GC invocations=25 (full 4):
 PSYoungGen      total 583680K, used 566122K [0x000000076ab00000, 0x000000079b780000, 0x00000007c0000000)
  eden space 440320K, 100% used [0x000000076ab00000,0x0000000785900000,0x0000000785900000)
  from space 143360K, 87% used [0x000000078f580000,0x000000079705ab08,0x0000000798180000)
  to   space 160256K, 0% used [0x0000000785900000,0x0000000785900000,0x000000078f580000)
 ParOldGen       total 542208K, used 439371K [0x00000006c0000000, 0x00000006e1180000, 0x000000076ab00000)
  object space 542208K, 81% used [0x00000006c0000000,0x00000006dad12d38,0x00000006e1180000)
 Metaspace       used 6896K, capacity 7384K, committed 7680K, reserved 1056768K
  class space    used 645K, capacity 656K, committed 768K, reserved 1048576K
Event: 29.744 GC heap after
Heap after GC invocations=25 (full 4):
 PSYoungGen      total 600576K, used 160240K [0x000000076ab00000, 0x00000007a0400000, 0x00000007c0000000)
  eden space 440320K, 0% used [0x000000076ab00000,0x000000076ab00000,0x0000000785900000)
  from space 160256K, 99% used [0x0000000785900000,0x000000078f57c368,0x000000078f580000)
  to   space 192000K, 0% used [0x0000000794880000,0x0000000794880000,0x00000007a0400000)
 ParOldGen       total 542208K, used 453895K [0x00000006c0000000, 0x00000006e1180000, 0x000000076ab00000)
  object space 542208K, 83% used [0x00000006c0000000,0x00000006dbb41d90,0x00000006e1180000)
 Metaspace       used 6896K, capacity 7384K, committed 7680K, reserved 1056768K
  class space    used 645K, capacity 656K, committed 768K, reserved 1048576K
}
Event: 31.147 GC heap before
{Heap before GC invocations=26 (full 4):
 PSYoungGen      total 600576K, used 600560K [0x000000076ab00000, 0x00000007a0400000, 0x00000007c0000000)
  eden space 440320K, 100% used [0x000000076ab00000,0x0000000785900000,0x0000000785900000)
  from space 160256K, 99% used [0x0000000785900000,0x000000078f57c368,0x000000078f580000)
  to   space 192000K, 0% used [0x0000000794880000,0x0000000794880000,0x00000007a0400000)
 ParOldGen       total 542208K, used 453895K [0x00000006c0000000, 0x00000006e1180000, 0x000000076ab00000)
  object space 542208K, 83% used [0x00000006c0000000,0x00000006dbb41d90,0x00000006e1180000)
 Metaspace       used 6896K, capacity 7384K, committed 7680K, reserved 1056768K
  class space    used 645K, capacity 656K, committed 768K, reserved 1048576K
Event: 31.276 GC heap after
Heap after GC invocations=26 (full 4):
 PSYoungGen      total 662016K, used 74393K [0x000000076ab00000, 0x000000079ed00000, 0x00000007c0000000)
  eden space 493568K, 0% used [0x000000076ab00000,0x000000076ab00000,0x0000000788d00000)
  from space 168448K, 44% used [0x0000000794880000,0x0000000799126468,0x000000079ed00000)
  to   space 180224K, 0% used [0x0000000788d00000,0x0000000788d00000,0x0000000793d00000)
 ParOldGen       total 574464K, used 574187K [0x00000006c0000000, 0x00000006e3100000, 0x000000076ab00000)
  object space 574464K, 99% used [0x00000006c0000000,0x00000006e30bad10,0x00000006e3100000)
 Metaspace       used 6896K, capacity 7384K, committed 7680K, reserved 1056768K
  class space    used 645K, capacity 656K, committed 768K, reserved 1048576K
}
Event: 31.276 GC heap before
{Heap before GC invocations=27 (full 5):
 PSYoungGen      total 662016K, used 74393K [0x000000076ab00000, 0x000000079ed00000, 0x00000007c0000000)
  eden space 493568K, 0% used [0x000000076ab00000,0x000000076ab00000,0x0000000788d00000)
  from space 168448K, 44% used [0x0000000794880000,0x0000000799126468,0x000000079ed00000)
  to   space 180224K, 0% used [0x0000000788d00000,0x0000000788d00000,0x0000000793d00000)
 ParOldGen       total 574464K, used 574187K [0x00000006c0000000, 0x00000006e3100000, 0x000000076ab00000)
  object space 574464K, 99% used [0x00000006c0000000,0x00000006e30bad10,0x00000006e3100000)
 Metaspace       used 6896K, capacity 7384K, committed 7680K, reserved 1056768K
  class space    used 645K, capacity 656K, committed 768K, reserved 1048576K
Event: 35.505 GC heap after
Heap after GC invocations=27 (full 5):
 PSYoungGen      total 662016K, used 57150K [0x000000076ab00000, 0x000000079ed00000, 0x00000007c0000000)
  eden space 493568K, 0% used [0x000000076ab00000,0x000000076ab00000,0x0000000788d00000)
  from space 168448K, 33% used [0x0000000794880000,0x000000079804fa10,0x000000079ed00000)
  to   space 180224K, 0% used [0x0000000788d00000,0x0000000788d00000,0x0000000793d00000)
 ParOldGen       total 841728K, used 573955K [0x00000006c0000000, 0x00000006f3600000, 0x000000076ab00000)
  object space 841728K, 68% used [0x00000006c0000000,0x00000006e3080d80,0x00000006f3600000)
 Metaspace       used 6896K, capacity 7384K, committed 7680K, reserved 1056768K
  class space    used 645K, capacity 656K, committed 768K, reserved 1048576K
}
Event: 36.282 GC heap before
{Heap before GC invocations=28 (full 5):
 PSYoungGen      total 662016K, used 550718K [0x000000076ab00000, 0x000000079ed00000, 0x00000007c0000000)
  eden space 493568K, 100% used [0x000000076ab00000,0x0000000788d00000,0x0000000788d00000)
  from space 168448K, 33% used [0x0000000794880000,0x000000079804fa10,0x000000079ed00000)
  to   space 180224K, 0% used [0x0000000788d00000,0x0000000788d00000,0x0000000793d00000)
 ParOldGen       total 841728K, used 573955K [0x00000006c0000000, 0x00000006f3600000, 0x000000076ab00000)
  object space 841728K, 68% used [0x00000006c0000000,0x00000006e3080d80,0x00000006f3600000)
 Metaspace       used 6897K, capacity 7384K, committed 7680K, reserved 1056768K
  class space    used 645K, capacity 656K, committed 768K, reserved 1048576K
Event: 36.498 GC heap after
Heap after GC invocations=28 (full 5):
 PSYoungGen      total 673792K, used 132724K [0x000000076ab00000, 0x00000007a3100000, 0x00000007c0000000)
  eden space 493568K, 0% used [0x000000076ab00000,0x000000076ab00000,0x0000000788d00000)
  from space 180224K, 73% used [0x0000000788d00000,0x0000000790e9d168,0x0000000793d00000)
  to   space 190976K, 0% used [0x0000000797680000,0x0000000797680000,0x00000007a3100000)
 ParOldGen       total 841728K, used 573955K [0x00000006c0000000, 0x00000006f3600000, 0x000000076ab00000)
  object space 841728K, 68% used [0x00000006c0000000,0x00000006e3080d80,0x00000006f3600000)
 Metaspace       used 6897K, capacity 7384K, committed 7680K, reserved 1056768K
  class space    used 645K, capacity 656K, committed 768K, reserved 1048576K
}

Deoptimization events (10 events):
Event: 27.439 Thread 0x000000001f109000 Uncommon trap: reason=class_check action=maybe_recompile pc=0x0000000002d93d10 method=com.android.dx.ssa.back.FirstFitLocalCombiningAllocator.findRopRegForLocal(II)I @ 66
Event: 29.827 Thread 0x000000000259e000 Uncommon trap: reason=unstable_if action=reinterpret pc=0x00000000032e9814 method=java.util.zip.ZipFile$ZipFileInputStream.read([BII)I @ 46
Event: 29.915 Thread 0x000000000259e000 Uncommon trap: reason=unstable_if action=reinterpret pc=0x0000000002ea6e58 method=com.android.dx.ssa.SsaRenamer$BlockRenamer.visitMoveInsn(Lcom/android/dx/ssa/NormalSsaInsn;)V @ 94
Event: 29.919 Thread 0x000000000259e000 Uncommon trap: reason=unstable_if action=reinterpret pc=0x0000000003222a84 method=com.android.dx.ssa.SsaRenamer$BlockRenamer.visitMoveInsn(Lcom/android/dx/ssa/NormalSsaInsn;)V @ 94
Event: 30.000 Thread 0x000000001f031000 Uncommon trap: reason=unstable_if action=reinterpret pc=0x0000000002d93f84 method=java.util.BitSet.nextClearBit(I)I @ 91
Event: 30.049 Thread 0x000000001f031000 Uncommon trap: reason=unstable_if action=reinterpret pc=0x0000000002ae9be8 method=java.util.BitSet.nextClearBit(I)I @ 91
Event: 35.875 Thread 0x000000001f7eb800 Uncommon trap: reason=speculate_class_check action=maybe_recompile pc=0x0000000002d33540 method=java.util.HashMap.comparableClassFor(Ljava/lang/Object;)Ljava/lang/Class; @ 15
Event: 36.535 Thread 0x000000001f109000 Uncommon trap: reason=speculate_class_check action=maybe_recompile pc=0x0000000002d33540 method=java.util.HashMap.comparableClassFor(Ljava/lang/Object;)Ljava/lang/Class; @ 15
Event: 36.536 Thread 0x000000001f031000 Uncommon trap: reason=speculate_class_check action=maybe_recompile pc=0x0000000002d33540 method=java.util.HashMap.comparableClassFor(Ljava/lang/Object;)Ljava/lang/Class; @ 15
Event: 36.584 Thread 0x000000000259e000 Uncommon trap: reason=speculate_class_check action=maybe_recompile pc=0x0000000002d33540 method=java.util.HashMap.comparableClassFor(Ljava/lang/Object;)Ljava/lang/Class; @ 15

Internal exceptions (10 events):
Event: 1.478 Thread 0x000000001f031000 Exception <a 'java/lang/ArrayIndexOutOfBoundsException': 40> (0x000000076bf8d218) thrown at [C:\re\workspace\8-2-build-windows-amd64-cygwin\jdk8u51\3951\hotspot\src\share\vm\interpreter\interpreterRuntime.cpp, line 366]
Event: 6.910 Thread 0x000000001f109000 Implicit null exception at 0x0000000002dc1c0c to 0x0000000002dc313d
Event: 10.214 Thread 0x000000000259e000 Implicit null exception at 0x0000000002842554 to 0x00000000028436ed
Event: 10.466 Thread 0x000000000259e000 Implicit null exception at 0x00000000034e2dcc to 0x00000000034e56cd
Event: 14.046 Thread 0x000000001f109000 Implicit null exception at 0x000000000332cae0 to 0x000000000332d09d
Event: 14.047 Thread 0x000000001f109000 Implicit null exception at 0x0000000002a91685 to 0x0000000002a91a79
Event: 18.887 Thread 0x000000001f7eb800 Implicit null exception at 0x0000000003529aa0 to 0x000000000352e7a1
Event: 26.675 Thread 0x000000001f46d800 Implicit null exception at 0x000000000319c7ea to 0x000000000319f508
Event: 29.915 Thread 0x000000000259e000 Implicit null exception at 0x0000000002ea1a2a to 0x0000000002ea6e19
Event: 29.919 Thread 0x000000000259e000 Implicit null exception at 0x000000000321e855 to 0x0000000003222a5d

Events (10 events):
Event: 36.498 Executing VM operation: ParallelGCFailedAllocation done
Event: 36.535 Thread 0x000000001f109000 Uncommon trap: trap_request=0xffffff76 fr.pc=0x0000000002d33540
Event: 36.535 Thread 0x000000001f109000 DEOPT PACKING pc=0x0000000002d33540 sp=0x000000002094e940
Event: 36.535 Thread 0x000000001f109000 DEOPT UNPACKING pc=0x00000000026e582a sp=0x000000002094e880 mode 2
Event: 36.536 Thread 0x000000001f031000 Uncommon trap: trap_request=0xffffff76 fr.pc=0x0000000002d33540
Event: 36.536 Thread 0x000000001f031000 DEOPT PACKING pc=0x0000000002d33540 sp=0x0000000020a4e960
Event: 36.536 Thread 0x000000001f031000 DEOPT UNPACKING pc=0x00000000026e582a sp=0x0000000020a4e8a0 mode 2
Event: 36.584 Thread 0x000000000259e000 Uncommon trap: trap_request=0xffffff76 fr.pc=0x0000000002d33540
Event: 36.584 Thread 0x000000000259e000 DEOPT PACKING pc=0x0000000002d33540 sp=0x000000000254e620
Event: 36.584 Thread 0x000000000259e000 DEOPT UNPACKING pc=0x00000000026e582a sp=0x000000000254e560 mode 2


Dynamic libraries:
0x00007ff7614f0000 - 0x00007ff761527000 	C:\Program Files\Java\jdk1.8.0_51\bin\java.exe
0x00007ff856290000 - 0x00007ff856451000 	C:\Windows\SYSTEM32\ntdll.dll
0x00007ff8540c0000 - 0x00007ff85416d000 	C:\Windows\system32\KERNEL32.DLL
0x00007ff853780000 - 0x00007ff85395d000 	C:\Windows\system32\KERNELBASE.dll
0x00007ff853960000 - 0x00007ff853a06000 	C:\Windows\system32\ADVAPI32.dll
0x00007ff853de0000 - 0x00007ff853e7d000 	C:\Windows\system32\msvcrt.dll
0x00007ff853a10000 - 0x00007ff853a6b000 	C:\Windows\system32\sechost.dll
0x00007ff853ca0000 - 0x00007ff853dc6000 	C:\Windows\system32\RPCRT4.dll
0x00007ff854470000 - 0x00007ff8545be000 	C:\Windows\system32\USER32.dll
0x00007ff855b30000 - 0x00007ff855cb6000 	C:\Windows\system32\GDI32.dll
0x00007ff84f520000 - 0x00007ff84f794000 	C:\Windows\WinSxS\amd64_microsoft.windows.common-controls_6595b64144ccf1df_6.0.10240.16384_none_f41f7b285750ef43\COMCTL32.dll
0x00007ff8545c0000 - 0x00007ff8545f6000 	C:\Windows\system32\IMM32.DLL
0x00007ff854250000 - 0x00007ff8543ac000 	C:\Windows\system32\MSCTF.dll
0x0000000054130000 - 0x0000000054202000 	C:\Program Files\Java\jdk1.8.0_51\jre\bin\msvcr100.dll
0x00000000538a0000 - 0x0000000054123000 	C:\Program Files\Java\jdk1.8.0_51\jre\bin\server\jvm.dll
0x00007ff853dd0000 - 0x00007ff853dd8000 	C:\Windows\system32\PSAPI.DLL
0x00007ff84fb40000 - 0x00007ff84fb4a000 	C:\Windows\SYSTEM32\VERSION.dll
0x00007ff841a00000 - 0x00007ff841a09000 	C:\Windows\SYSTEM32\WSOCK32.dll
0x00007ff851310000 - 0x00007ff851333000 	C:\Windows\SYSTEM32\WINMM.dll
0x00007ff854050000 - 0x00007ff8540b9000 	C:\Windows\system32\WS2_32.dll
0x00007ff855e70000 - 0x00007ff855e78000 	C:\Windows\system32\NSI.dll
0x00007ff8512b0000 - 0x00007ff8512dc000 	C:\Windows\SYSTEM32\WINMMBASE.dll
0x00007ff852d60000 - 0x00007ff852da4000 	C:\Windows\system32\cfgmgr32.dll
0x00007ff851630000 - 0x00007ff851657000 	C:\Windows\SYSTEM32\DEVOBJ.dll
0x0000000053890000 - 0x000000005389f000 	C:\Program Files\Java\jdk1.8.0_51\jre\bin\verify.dll
0x0000000053860000 - 0x0000000053889000 	C:\Program Files\Java\jdk1.8.0_51\jre\bin\java.dll
0x0000000053840000 - 0x0000000053856000 	C:\Program Files\Java\jdk1.8.0_51\jre\bin\zip.dll
0x00007ff854600000 - 0x00007ff855b22000 	C:\Windows\system32\SHELL32.dll
0x00007ff852e60000 - 0x00007ff853488000 	C:\Windows\system32\windows.storage.dll
0x00007ff855ee0000 - 0x00007ff85615c000 	C:\Windows\system32\combase.dll
0x00007ff855e10000 - 0x00007ff855e61000 	C:\Windows\system32\shlwapi.dll
0x00007ff852cc0000 - 0x00007ff852ccf000 	C:\Windows\system32\kernel.appcore.dll
0x00007ff8536c0000 - 0x00007ff853773000 	C:\Windows\system32\shcore.dll
0x00007ff852cf0000 - 0x00007ff852d3a000 	C:\Windows\system32\powrprof.dll
0x00007ff852cd0000 - 0x00007ff852ce3000 	C:\Windows\system32\profapi.dll
0x00007ff832e20000 - 0x00007ff832faa000 	C:\Windows\SYSTEM32\dbghelp.dll

VM Arguments:
jvm_args: -Djava.awt.headless=true -Xmx4g -Dfile.encoding=windows-1256 -Duser.country=US -Duser.language=en -Duser.variant 
java_command: com.android.dx.command.Main --dex --force-jumbo --num-threads=4 --multi-dex --main-dex-list D:\F my project\F java\F membergram\TMessagesProj\build\intermediates\multi-dex\debug\maindexlist.txt --output D:\F my project\F java\F membergram\TMessagesProj\build\intermediates\transforms\dex\debug\folders\1000\1f\main D:\F my project\F java\F membergram\TMessagesProj\build\intermediates\transforms\jarMerging\debug\jars\1\1f\combined.jar
java_class_path (initial): D:\Software\programming\sdk\sdk\sdk\build-tools\23.0.1\lib\dx.jar
Launcher Type: SUN_STANDARD

Environment Variables:
JAVA_HOME=C:\Program Files\Java\jdk1.7.0_40
PATH=C:\ProgramData\Oracle\Java\javapath;C:\Windows\system32;C:\Windows;C:\Windows\System32\Wbem;C:\Windows\System32\WindowsPowerShell\v1.0\;C:\Program Files (x86)\Git\cmd;C:\Program Files (x86)\Skype\Phone\;GRADLE_HOME;C:\Program Files\AMI\DuOS\;C:\Program Files\Java\jdk1.7.0_40\bin;C:\Users\hot_road\.dnx\bin;C:\Program Files\Microsoft DNX\Dnvm\;C:\Program Files\Microsoft SQL Server\120\Tools\Binn\;C:\Program Files (x86)\NVIDIA Corporation\PhysX\Common;C:\Program Files (x86)\Microsoft SQL Server\100\Tools\Binn\;C:\Program Files\Microsoft SQL Server\100\Tools\Binn\;C:\Program Files\Microsoft SQL Server\100\DTS\Binn\;C:\Program Files (x86)\Microsoft SQL Server\100\Tools\Binn\VSShell\Common7\IDE\;C:\Program Files (x86)\Microsoft SQL Server\100\DTS\Binn\;C:\Program Files\nodejs\;C:\Users\hot_road\.dnx\bin;C:\Program Files (x86)\Manymo/bin;C:\Program Files\AMI\DuOS\;C:\Program Files\Java\jdk1.7.0_40\bin;C:\Users\hot_road\AppData\Roaming\npm
USERNAME=hot_road
OS=Windows_NT
PROCESSOR_IDENTIFIER=Intel64 Family 6 Model 58 Stepping 9, GenuineIntel



---------------  S Y S T E M  ---------------

OS: Windows 10.0 , 64 bit Build 10240 (10.0.10240.16384)

CPU:total 8 (4 cores per cpu, 2 threads per core) family 6 model 58 stepping 9, cmov, cx8, fxsr, mmx, sse, sse2, sse3, ssse3, sse4.1, sse4.2, popcnt, avx, aes, clmul, erms, ht, tsc, tscinvbit, tscinv

Memory: 4k page, physical 6149732k(201668k free), swap 12637640k(3456k free)

vm_info: Java HotSpot(TM) 64-Bit Server VM (25.51-b03) for windows-amd64 JRE (1.8.0_51-b16), built on Jun  8 2015 18:03:07 by "java_re" with MS VC++ 10.0 (VS2010)

time: Mon Jul 25 15:24:15 2016
elapsed time: 39 seconds (0d 0h 0m 39s)

